<?xml version="1.0" encoding="UTF-8"?>
<coverage generated="1562857193571" clover="3.2.0">
  <project timestamp="1562857193571" name="All files">
    <metrics statements="95" coveredstatements="95" conditionals="16" coveredconditionals="16" methods="40" coveredmethods="40" elements="151" coveredelements="151" complexity="0" loc="95" ncloc="95" packages="2" files="5" classes="5"/>
    <package name="lib">
      <metrics statements="43" coveredstatements="43" conditionals="13" coveredconditionals="13" methods="17" coveredmethods="17"/>
      <file name="configure.js" path="/Users/glickel/Projects/Flash/filer-client-js/lib/configure.js">
        <metrics statements="10" coveredstatements="10" conditionals="4" coveredconditionals="4" methods="2" coveredmethods="2"/>
        <line num="1" count="4" type="stmt"/>
        <line num="2" count="4" type="stmt"/>
        <line num="4" count="4" type="stmt"/>
        <line num="5" count="16" type="cond" truecount="2" falsecount="0"/>
        <line num="6" count="5" type="stmt"/>
        <line num="10" count="4" type="stmt"/>
        <line num="12" count="4" type="stmt"/>
        <line num="13" count="12" type="stmt"/>
        <line num="15" count="12" type="cond" truecount="2" falsecount="0"/>
        <line num="16" count="11" type="stmt"/>
      </file>
      <file name="createUuid.js" path="/Users/glickel/Projects/Flash/filer-client-js/lib/createUuid.js">
        <metrics statements="8" coveredstatements="8" conditionals="2" coveredconditionals="2" methods="5" coveredmethods="5"/>
        <line num="1" count="1" type="stmt"/>
        <line num="3" count="4" type="stmt"/>
        <line num="4" count="4" type="stmt"/>
        <line num="6" count="3" type="stmt"/>
        <line num="13" count="2" type="cond" truecount="2" falsecount="0"/>
        <line num="14" count="1" type="stmt"/>
        <line num="17" count="1" type="stmt"/>
        <line num="18" count="1" type="stmt"/>
      </file>
      <file name="delete.js" path="/Users/glickel/Projects/Flash/filer-client-js/lib/delete.js">
        <metrics statements="13" coveredstatements="13" conditionals="5" coveredconditionals="5" methods="5" coveredmethods="5"/>
        <line num="1" count="1" type="stmt"/>
        <line num="3" count="5" type="cond" truecount="1" falsecount="0"/>
        <line num="4" count="5" type="stmt"/>
        <line num="6" count="4" type="stmt"/>
        <line num="7" count="4" type="stmt"/>
        <line num="9" count="4" type="cond" truecount="2" falsecount="0"/>
        <line num="10" count="1" type="stmt"/>
        <line num="11" count="1" type="stmt"/>
        <line num="14" count="4" type="stmt"/>
        <line num="18" count="3" type="cond" truecount="2" falsecount="0"/>
        <line num="19" count="1" type="stmt"/>
        <line num="22" count="2" type="stmt"/>
        <line num="23" count="1" type="stmt"/>
      </file>
      <file name="getFileBinary.js" path="/Users/glickel/Projects/Flash/filer-client-js/lib/getFileBinary.js">
        <metrics statements="12" coveredstatements="12" conditionals="2" coveredconditionals="2" methods="5" coveredmethods="5"/>
        <line num="1" count="1" type="stmt"/>
        <line num="2" count="1" type="stmt"/>
        <line num="4" count="4" type="stmt"/>
        <line num="5" count="4" type="stmt"/>
        <line num="7" count="3" type="stmt"/>
        <line num="9" count="3" type="stmt"/>
        <line num="10" count="2" type="cond" truecount="2" falsecount="0"/>
        <line num="11" count="1" type="stmt"/>
        <line num="14" count="1" type="stmt"/>
        <line num="15" count="1" type="stmt"/>
        <line num="16" count="1" type="stmt"/>
        <line num="18" count="1" type="stmt"/>
      </file>
    </package>
    <package name="src.entity">
      <metrics statements="52" coveredstatements="52" conditionals="3" coveredconditionals="3" methods="23" coveredmethods="23"/>
      <file name="File.js" path="/Users/glickel/Projects/Flash/filer-client-js/src/entity/File.js">
        <metrics statements="52" coveredstatements="52" conditionals="3" coveredconditionals="3" methods="23" coveredmethods="23"/>
        <line num="1" count="2" type="stmt"/>
        <line num="4" count="2" type="stmt"/>
        <line num="5" count="2" type="stmt"/>
        <line num="6" count="2" type="stmt"/>
        <line num="7" count="2" type="stmt"/>
        <line num="8" count="2" type="stmt"/>
        <line num="9" count="2" type="stmt"/>
        <line num="10" count="2" type="stmt"/>
        <line num="11" count="2" type="stmt"/>
        <line num="12" count="2" type="stmt"/>
        <line num="13" count="2" type="stmt"/>
        <line num="14" count="2" type="stmt"/>
        <line num="15" count="2" type="stmt"/>
        <line num="16" count="2" type="stmt"/>
        <line num="17" count="2" type="stmt"/>
        <line num="18" count="2" type="stmt"/>
        <line num="19" count="2" type="stmt"/>
        <line num="21" count="2" type="stmt"/>
        <line num="22" count="2" type="stmt"/>
        <line num="23" count="2" type="stmt"/>
        <line num="24" count="2" type="stmt"/>
        <line num="37" count="8" type="stmt"/>
        <line num="38" count="8" type="stmt"/>
        <line num="40" count="8" type="stmt"/>
        <line num="41" count="72" type="cond" truecount="2" falsecount="0"/>
        <line num="42" count="36" type="stmt"/>
        <line num="48" count="8" type="stmt"/>
        <line num="52" count="4" type="stmt"/>
        <line num="56" count="14" type="stmt"/>
        <line num="60" count="7" type="stmt"/>
        <line num="64" count="8" type="stmt"/>
        <line num="68" count="4" type="stmt"/>
        <line num="72" count="8" type="stmt"/>
        <line num="76" count="4" type="stmt"/>
        <line num="80" count="8" type="stmt"/>
        <line num="84" count="4" type="stmt"/>
        <line num="88" count="8" type="stmt"/>
        <line num="92" count="4" type="stmt"/>
        <line num="96" count="8" type="stmt"/>
        <line num="100" count="4" type="stmt"/>
        <line num="104" count="8" type="stmt"/>
        <line num="108" count="6" type="stmt"/>
        <line num="112" count="8" type="stmt"/>
        <line num="116" count="4" type="stmt"/>
        <line num="120" count="2" type="stmt"/>
        <line num="121" count="22" type="stmt"/>
        <line num="123" count="2" type="stmt"/>
        <line num="125" count="2" type="stmt"/>
        <line num="126" count="18" type="stmt"/>
        <line num="128" count="18" type="stmt"/>
        <line num="131" count="2" type="stmt"/>
        <line num="135" count="2" type="stmt"/>
      </file>
    </package>
  </project>
</coverage>
