{"/Users/glickel/Projects/Flash/filer-client-js/lib/configure.js": {"path":"/Users/glickel/Projects/Flash/filer-client-js/lib/configure.js","statementMap":{"0":{"start":{"line":1,"column":17},"end":{"line":1,"column":22}},"1":{"start":{"line":2,"column":14},"end":{"line":2,"column":16}},"2":{"start":{"line":4,"column":0},"end":{"line":8,"column":2}},"3":{"start":{"line":5,"column":4},"end":{"line":7,"column":5}},"4":{"start":{"line":6,"column":8},"end":{"line":6,"column":72}},"5":{"start":{"line":10,"column":0},"end":{"line":10,"column":26}},"6":{"start":{"line":12,"column":0},"end":{"line":18,"column":2}},"7":{"start":{"line":13,"column":4},"end":{"line":13,"column":43}},"8":{"start":{"line":15,"column":4},"end":{"line":17,"column":5}},"9":{"start":{"line":16,"column":8},"end":{"line":16,"column":26}}},"fnMap":{"0":{"name":"(anonymous_0)","decl":{"start":{"line":4,"column":28},"end":{"line":4,"column":29}},"loc":{"start":{"line":4,"column":34},"end":{"line":8,"column":1}},"line":4},"1":{"name":"(anonymous_1)","decl":{"start":{"line":12,"column":20},"end":{"line":12,"column":21}},"loc":{"start":{"line":12,"column":40},"end":{"line":18,"column":1}},"line":12}},"branchMap":{"0":{"loc":{"start":{"line":5,"column":4},"end":{"line":7,"column":5}},"type":"if","locations":[{"start":{"line":5,"column":4},"end":{"line":7,"column":5}},{"start":{"line":5,"column":4},"end":{"line":7,"column":5}}],"line":5},"1":{"loc":{"start":{"line":15,"column":4},"end":{"line":17,"column":5}},"type":"if","locations":[{"start":{"line":15,"column":4},"end":{"line":17,"column":5}},{"start":{"line":15,"column":4},"end":{"line":17,"column":5}}],"line":15}},"s":{"0":5,"1":5,"2":5,"3":20,"4":6,"5":5,"6":5,"7":15,"8":15,"9":14},"f":{"0":20,"1":15},"b":{"0":[6,14],"1":[14,1]},"_coverageSchema":"43e27e138ebf9cfc5966b082cf9a028302ed4184","hash":"f5ffe8d1471e9674cde96c9ea7e189b83cd0f843"}
,"/Users/glickel/Projects/Flash/filer-client-js/lib/createUuid.js": {"path":"/Users/glickel/Projects/Flash/filer-client-js/lib/createUuid.js","statementMap":{"0":{"start":{"line":1,"column":39},"end":{"line":1,"column":61}},"1":{"start":{"line":3,"column":0},"end":{"line":19,"column":3}},"2":{"start":{"line":3,"column":31},"end":{"line":19,"column":2}},"3":{"start":{"line":4,"column":4},"end":{"line":4,"column":24}},"4":{"start":{"line":6,"column":4},"end":{"line":18,"column":39}},"5":{"start":{"line":13,"column":8},"end":{"line":15,"column":9}},"6":{"start":{"line":14,"column":12},"end":{"line":14,"column":36}},"7":{"start":{"line":17,"column":8},"end":{"line":17,"column":54}},"8":{"start":{"line":17,"column":39},"end":{"line":17,"column":52}},"9":{"start":{"line":18,"column":24},"end":{"line":18,"column":37}}},"fnMap":{"0":{"name":"(anonymous_0)","decl":{"start":{"line":3,"column":17},"end":{"line":3,"column":18}},"loc":{"start":{"line":3,"column":31},"end":{"line":19,"column":2}},"line":3},"1":{"name":"(anonymous_1)","decl":{"start":{"line":3,"column":43},"end":{"line":3,"column":44}},"loc":{"start":{"line":3,"column":64},"end":{"line":19,"column":1}},"line":3},"2":{"name":"(anonymous_2)","decl":{"start":{"line":12,"column":11},"end":{"line":12,"column":12}},"loc":{"start":{"line":12,"column":25},"end":{"line":18,"column":5}},"line":12},"3":{"name":"(anonymous_3)","decl":{"start":{"line":17,"column":29},"end":{"line":17,"column":30}},"loc":{"start":{"line":17,"column":39},"end":{"line":17,"column":52}},"line":17},"4":{"name":"(anonymous_4)","decl":{"start":{"line":18,"column":13},"end":{"line":18,"column":14}},"loc":{"start":{"line":18,"column":24},"end":{"line":18,"column":37}},"line":18}},"branchMap":{"0":{"loc":{"start":{"line":13,"column":8},"end":{"line":15,"column":9}},"type":"if","locations":[{"start":{"line":13,"column":8},"end":{"line":15,"column":9}},{"start":{"line":13,"column":8},"end":{"line":15,"column":9}}],"line":13}},"s":{"0":1,"1":1,"2":4,"3":4,"4":3,"5":2,"6":1,"7":1,"8":1,"9":1},"f":{"0":4,"1":4,"2":2,"3":1,"4":1},"b":{"0":[1,1]},"_coverageSchema":"43e27e138ebf9cfc5966b082cf9a028302ed4184","hash":"cf6ce6941d2606c7b66f9e8e80a129db16a3dc75"}
,"/Users/glickel/Projects/Flash/filer-client-js/lib/delete.js": {"path":"/Users/glickel/Projects/Flash/filer-client-js/lib/delete.js","statementMap":{"0":{"start":{"line":1,"column":39},"end":{"line":1,"column":61}},"1":{"start":{"line":3,"column":0},"end":{"line":24,"column":3}},"2":{"start":{"line":3,"column":44},"end":{"line":24,"column":2}},"3":{"start":{"line":4,"column":4},"end":{"line":4,"column":24}},"4":{"start":{"line":6,"column":18},"end":{"line":6,"column":29}},"5":{"start":{"line":7,"column":23},"end":{"line":7,"column":25}},"6":{"start":{"line":9,"column":4},"end":{"line":12,"column":5}},"7":{"start":{"line":10,"column":8},"end":{"line":10,"column":45}},"8":{"start":{"line":11,"column":8},"end":{"line":11,"column":42}},"9":{"start":{"line":14,"column":4},"end":{"line":23,"column":39}},"10":{"start":{"line":18,"column":8},"end":{"line":20,"column":9}},"11":{"start":{"line":19,"column":12},"end":{"line":19,"column":36}},"12":{"start":{"line":22,"column":8},"end":{"line":22,"column":52}},"13":{"start":{"line":22,"column":37},"end":{"line":22,"column":50}},"14":{"start":{"line":23,"column":24},"end":{"line":23,"column":37}}},"fnMap":{"0":{"name":"(anonymous_0)","decl":{"start":{"line":3,"column":17},"end":{"line":3,"column":18}},"loc":{"start":{"line":3,"column":44},"end":{"line":24,"column":2}},"line":3},"1":{"name":"(anonymous_1)","decl":{"start":{"line":3,"column":56},"end":{"line":3,"column":57}},"loc":{"start":{"line":3,"column":77},"end":{"line":24,"column":1}},"line":3},"2":{"name":"(anonymous_2)","decl":{"start":{"line":17,"column":11},"end":{"line":17,"column":12}},"loc":{"start":{"line":17,"column":25},"end":{"line":23,"column":5}},"line":17},"3":{"name":"(anonymous_3)","decl":{"start":{"line":22,"column":29},"end":{"line":22,"column":30}},"loc":{"start":{"line":22,"column":37},"end":{"line":22,"column":50}},"line":22},"4":{"name":"(anonymous_4)","decl":{"start":{"line":23,"column":13},"end":{"line":23,"column":14}},"loc":{"start":{"line":23,"column":24},"end":{"line":23,"column":37}},"line":23}},"branchMap":{"0":{"loc":{"start":{"line":3,"column":24},"end":{"line":3,"column":39}},"type":"default-arg","locations":[{"start":{"line":3,"column":35},"end":{"line":3,"column":39}}],"line":3},"1":{"loc":{"start":{"line":9,"column":4},"end":{"line":12,"column":5}},"type":"if","locations":[{"start":{"line":9,"column":4},"end":{"line":12,"column":5}},{"start":{"line":9,"column":4},"end":{"line":12,"column":5}}],"line":9},"2":{"loc":{"start":{"line":18,"column":8},"end":{"line":20,"column":9}},"type":"if","locations":[{"start":{"line":18,"column":8},"end":{"line":20,"column":9}},{"start":{"line":18,"column":8},"end":{"line":20,"column":9}}],"line":18}},"s":{"0":1,"1":1,"2":5,"3":5,"4":4,"5":4,"6":4,"7":1,"8":1,"9":4,"10":3,"11":1,"12":2,"13":2,"14":1},"f":{"0":5,"1":5,"2":3,"3":2,"4":1},"b":{"0":[4],"1":[1,3],"2":[1,2]},"_coverageSchema":"43e27e138ebf9cfc5966b082cf9a028302ed4184","hash":"d5fe4c25381e4fb89c5b66c9cb415043afe1e9b0"}
,"/Users/glickel/Projects/Flash/filer-client-js/lib/getFileBinary.js": {"path":"/Users/glickel/Projects/Flash/filer-client-js/lib/getFileBinary.js","statementMap":{"0":{"start":{"line":1,"column":39},"end":{"line":1,"column":61}},"1":{"start":{"line":2,"column":13},"end":{"line":2,"column":42}},"2":{"start":{"line":4,"column":0},"end":{"line":19,"column":3}},"3":{"start":{"line":4,"column":25},"end":{"line":19,"column":2}},"4":{"start":{"line":5,"column":4},"end":{"line":5,"column":24}},"5":{"start":{"line":7,"column":21},"end":{"line":7,"column":35}},"6":{"start":{"line":9,"column":4},"end":{"line":18,"column":39}},"7":{"start":{"line":10,"column":8},"end":{"line":12,"column":9}},"8":{"start":{"line":11,"column":12},"end":{"line":11,"column":36}},"9":{"start":{"line":14,"column":8},"end":{"line":17,"column":11}},"10":{"start":{"line":15,"column":12},"end":{"line":15,"column":37}},"11":{"start":{"line":16,"column":12},"end":{"line":16,"column":41}},"12":{"start":{"line":18,"column":24},"end":{"line":18,"column":37}}},"fnMap":{"0":{"name":"(anonymous_0)","decl":{"start":{"line":4,"column":17},"end":{"line":4,"column":18}},"loc":{"start":{"line":4,"column":25},"end":{"line":19,"column":2}},"line":4},"1":{"name":"(anonymous_1)","decl":{"start":{"line":4,"column":37},"end":{"line":4,"column":38}},"loc":{"start":{"line":4,"column":58},"end":{"line":19,"column":1}},"line":4},"2":{"name":"(anonymous_2)","decl":{"start":{"line":9,"column":57},"end":{"line":9,"column":58}},"loc":{"start":{"line":9,"column":71},"end":{"line":18,"column":5}},"line":9},"3":{"name":"(anonymous_3)","decl":{"start":{"line":14,"column":29},"end":{"line":14,"column":30}},"loc":{"start":{"line":14,"column":41},"end":{"line":17,"column":9}},"line":14},"4":{"name":"(anonymous_4)","decl":{"start":{"line":18,"column":13},"end":{"line":18,"column":14}},"loc":{"start":{"line":18,"column":24},"end":{"line":18,"column":37}},"line":18}},"branchMap":{"0":{"loc":{"start":{"line":10,"column":8},"end":{"line":12,"column":9}},"type":"if","locations":[{"start":{"line":10,"column":8},"end":{"line":12,"column":9}},{"start":{"line":10,"column":8},"end":{"line":12,"column":9}}],"line":10}},"s":{"0":1,"1":1,"2":1,"3":4,"4":4,"5":3,"6":3,"7":2,"8":1,"9":1,"10":1,"11":1,"12":1},"f":{"0":4,"1":4,"2":2,"3":1,"4":1},"b":{"0":[1,1]},"_coverageSchema":"43e27e138ebf9cfc5966b082cf9a028302ed4184","hash":"12225d6e476b7ab32d5bc0b31a4ca83d9874a44e"}
,"/Users/glickel/Projects/Flash/filer-client-js/lib/retrieve.js": {"path":"/Users/glickel/Projects/Flash/filer-client-js/lib/retrieve.js","statementMap":{"0":{"start":{"line":1,"column":39},"end":{"line":1,"column":61}},"1":{"start":{"line":2,"column":13},"end":{"line":2,"column":42}},"2":{"start":{"line":4,"column":0},"end":{"line":14,"column":3}},"3":{"start":{"line":4,"column":27},"end":{"line":14,"column":2}},"4":{"start":{"line":5,"column":4},"end":{"line":5,"column":24}},"5":{"start":{"line":7,"column":4},"end":{"line":13,"column":39}},"6":{"start":{"line":8,"column":8},"end":{"line":10,"column":9}},"7":{"start":{"line":9,"column":12},"end":{"line":9,"column":36}},"8":{"start":{"line":12,"column":8},"end":{"line":12,"column":78}},"9":{"start":{"line":12,"column":39},"end":{"line":12,"column":76}},"10":{"start":{"line":13,"column":24},"end":{"line":13,"column":37}}},"fnMap":{"0":{"name":"(anonymous_0)","decl":{"start":{"line":4,"column":17},"end":{"line":4,"column":18}},"loc":{"start":{"line":4,"column":27},"end":{"line":14,"column":2}},"line":4},"1":{"name":"(anonymous_1)","decl":{"start":{"line":4,"column":39},"end":{"line":4,"column":40}},"loc":{"start":{"line":4,"column":60},"end":{"line":14,"column":1}},"line":4},"2":{"name":"(anonymous_2)","decl":{"start":{"line":7,"column":46},"end":{"line":7,"column":47}},"loc":{"start":{"line":7,"column":60},"end":{"line":13,"column":5}},"line":7},"3":{"name":"(anonymous_3)","decl":{"start":{"line":12,"column":29},"end":{"line":12,"column":30}},"loc":{"start":{"line":12,"column":39},"end":{"line":12,"column":76}},"line":12},"4":{"name":"(anonymous_4)","decl":{"start":{"line":13,"column":13},"end":{"line":13,"column":14}},"loc":{"start":{"line":13,"column":24},"end":{"line":13,"column":37}},"line":13}},"branchMap":{"0":{"loc":{"start":{"line":8,"column":8},"end":{"line":10,"column":9}},"type":"if","locations":[{"start":{"line":8,"column":8},"end":{"line":10,"column":9}},{"start":{"line":8,"column":8},"end":{"line":10,"column":9}}],"line":8}},"s":{"0":1,"1":1,"2":1,"3":4,"4":4,"5":3,"6":2,"7":1,"8":1,"9":1,"10":1},"f":{"0":4,"1":4,"2":2,"3":1,"4":1},"b":{"0":[1,1]},"_coverageSchema":"43e27e138ebf9cfc5966b082cf9a028302ed4184","hash":"90decf777693da1d6f10f31ad9fd23c74c51bb37"}
,"/Users/glickel/Projects/Flash/filer-client-js/src/entity/File.js": {"path":"/Users/glickel/Projects/Flash/filer-client-js/src/entity/File.js","statementMap":{"0":{"start":{"line":2,"column":25},"end":{"line":2,"column":26}},"1":{"start":{"line":3,"column":24},"end":{"line":3,"column":25}},"2":{"start":{"line":4,"column":28},"end":{"line":4,"column":29}},"3":{"start":{"line":5,"column":24},"end":{"line":5,"column":25}},"4":{"start":{"line":6,"column":34},"end":{"line":6,"column":35}},"5":{"start":{"line":7,"column":29},"end":{"line":7,"column":30}},"6":{"start":{"line":8,"column":25},"end":{"line":8,"column":26}},"7":{"start":{"line":9,"column":24},"end":{"line":9,"column":25}},"8":{"start":{"line":10,"column":34},"end":{"line":10,"column":35}},"9":{"start":{"line":11,"column":29},"end":{"line":11,"column":31}},"10":{"start":{"line":12,"column":27},"end":{"line":12,"column":29}},"11":{"start":{"line":13,"column":33},"end":{"line":13,"column":35}},"12":{"start":{"line":14,"column":32},"end":{"line":14,"column":34}},"13":{"start":{"line":15,"column":35},"end":{"line":15,"column":37}},"14":{"start":{"line":16,"column":40},"end":{"line":16,"column":42}},"15":{"start":{"line":17,"column":38},"end":{"line":17,"column":40}},"16":{"start":{"line":19,"column":24},"end":{"line":19,"column":25}},"17":{"start":{"line":20,"column":26},"end":{"line":20,"column":27}},"18":{"start":{"line":21,"column":24},"end":{"line":21,"column":25}},"19":{"start":{"line":22,"column":24},"end":{"line":22,"column":25}},"20":{"start":{"line":35,"column":6},"end":{"line":35,"column":26}},"21":{"start":{"line":36,"column":6},"end":{"line":36,"column":25}},"22":{"start":{"line":38,"column":6},"end":{"line":42,"column":8}},"23":{"start":{"line":39,"column":10},"end":{"line":41,"column":11}},"24":{"start":{"line":40,"column":14},"end":{"line":40,"column":56}},"25":{"start":{"line":46,"column":6},"end":{"line":46,"column":22}},"26":{"start":{"line":50,"column":6},"end":{"line":50,"column":20}},"27":{"start":{"line":54,"column":6},"end":{"line":54,"column":24}},"28":{"start":{"line":58,"column":6},"end":{"line":58,"column":24}},"29":{"start":{"line":62,"column":6},"end":{"line":62,"column":28}},"30":{"start":{"line":66,"column":6},"end":{"line":66,"column":32}},"31":{"start":{"line":70,"column":6},"end":{"line":70,"column":28}},"32":{"start":{"line":74,"column":6},"end":{"line":74,"column":27}},"33":{"start":{"line":78,"column":6},"end":{"line":78,"column":28}},"34":{"start":{"line":82,"column":6},"end":{"line":82,"column":32}},"35":{"start":{"line":86,"column":6},"end":{"line":86,"column":29}},"36":{"start":{"line":90,"column":6},"end":{"line":90,"column":34}},"37":{"start":{"line":94,"column":6},"end":{"line":94,"column":31}},"38":{"start":{"line":98,"column":6},"end":{"line":98,"column":38}},"39":{"start":{"line":102,"column":6},"end":{"line":102,"column":24}},"40":{"start":{"line":106,"column":6},"end":{"line":106,"column":24}},"41":{"start":{"line":110,"column":6},"end":{"line":110,"column":28}},"42":{"start":{"line":114,"column":6},"end":{"line":114,"column":31}},"43":{"start":{"line":118,"column":24},"end":{"line":118,"column":51}},"44":{"start":{"line":119,"column":25},"end":{"line":119,"column":111}},"45":{"start":{"line":119,"column":78},"end":{"line":119,"column":110}},"46":{"start":{"line":121,"column":29},"end":{"line":121,"column":31}},"47":{"start":{"line":123,"column":6},"end":{"line":127,"column":9}},"48":{"start":{"line":124,"column":10},"end":{"line":124,"column":52}},"49":{"start":{"line":126,"column":10},"end":{"line":126,"column":22}},"50":{"start":{"line":129,"column":6},"end":{"line":129,"column":28}},"51":{"start":{"line":133,"column":0},"end":{"line":133,"column":22}}},"fnMap":{"0":{"name":"(anonymous_0)","decl":{"start":{"line":34,"column":2},"end":{"line":34,"column":3}},"loc":{"start":{"line":34,"column":25},"end":{"line":43,"column":3}},"line":34},"1":{"name":"(anonymous_1)","decl":{"start":{"line":38,"column":113},"end":{"line":38,"column":114}},"loc":{"start":{"line":38,"column":132},"end":{"line":42,"column":7}},"line":38},"2":{"name":"(anonymous_2)","decl":{"start":{"line":45,"column":2},"end":{"line":45,"column":3}},"loc":{"start":{"line":45,"column":11},"end":{"line":47,"column":3}},"line":45},"3":{"name":"(anonymous_3)","decl":{"start":{"line":49,"column":2},"end":{"line":49,"column":3}},"loc":{"start":{"line":49,"column":13},"end":{"line":51,"column":3}},"line":49},"4":{"name":"(anonymous_4)","decl":{"start":{"line":53,"column":2},"end":{"line":53,"column":3}},"loc":{"start":{"line":53,"column":13},"end":{"line":55,"column":3}},"line":53},"5":{"name":"(anonymous_5)","decl":{"start":{"line":57,"column":2},"end":{"line":57,"column":3}},"loc":{"start":{"line":57,"column":17},"end":{"line":59,"column":3}},"line":57},"6":{"name":"(anonymous_6)","decl":{"start":{"line":61,"column":2},"end":{"line":61,"column":3}},"loc":{"start":{"line":61,"column":17},"end":{"line":63,"column":3}},"line":61},"7":{"name":"(anonymous_7)","decl":{"start":{"line":65,"column":2},"end":{"line":65,"column":3}},"loc":{"start":{"line":65,"column":25},"end":{"line":67,"column":3}},"line":65},"8":{"name":"(anonymous_8)","decl":{"start":{"line":69,"column":2},"end":{"line":69,"column":3}},"loc":{"start":{"line":69,"column":17},"end":{"line":71,"column":3}},"line":69},"9":{"name":"(anonymous_9)","decl":{"start":{"line":73,"column":2},"end":{"line":73,"column":3}},"loc":{"start":{"line":73,"column":20},"end":{"line":75,"column":3}},"line":73},"10":{"name":"(anonymous_10)","decl":{"start":{"line":77,"column":2},"end":{"line":77,"column":3}},"loc":{"start":{"line":77,"column":17},"end":{"line":79,"column":3}},"line":77},"11":{"name":"(anonymous_11)","decl":{"start":{"line":81,"column":2},"end":{"line":81,"column":3}},"loc":{"start":{"line":81,"column":25},"end":{"line":83,"column":3}},"line":81},"12":{"name":"(anonymous_12)","decl":{"start":{"line":85,"column":2},"end":{"line":85,"column":3}},"loc":{"start":{"line":85,"column":18},"end":{"line":87,"column":3}},"line":85},"13":{"name":"(anonymous_13)","decl":{"start":{"line":89,"column":2},"end":{"line":89,"column":3}},"loc":{"start":{"line":89,"column":27},"end":{"line":91,"column":3}},"line":89},"14":{"name":"(anonymous_14)","decl":{"start":{"line":93,"column":2},"end":{"line":93,"column":3}},"loc":{"start":{"line":93,"column":20},"end":{"line":95,"column":3}},"line":93},"15":{"name":"(anonymous_15)","decl":{"start":{"line":97,"column":2},"end":{"line":97,"column":3}},"loc":{"start":{"line":97,"column":31},"end":{"line":99,"column":3}},"line":97},"16":{"name":"(anonymous_16)","decl":{"start":{"line":101,"column":2},"end":{"line":101,"column":3}},"loc":{"start":{"line":101,"column":13},"end":{"line":103,"column":3}},"line":101},"17":{"name":"(anonymous_17)","decl":{"start":{"line":105,"column":2},"end":{"line":105,"column":3}},"loc":{"start":{"line":105,"column":17},"end":{"line":107,"column":3}},"line":105},"18":{"name":"(anonymous_18)","decl":{"start":{"line":109,"column":2},"end":{"line":109,"column":3}},"loc":{"start":{"line":109,"column":17},"end":{"line":111,"column":3}},"line":109},"19":{"name":"(anonymous_19)","decl":{"start":{"line":113,"column":2},"end":{"line":113,"column":3}},"loc":{"start":{"line":113,"column":24},"end":{"line":115,"column":3}},"line":113},"20":{"name":"(anonymous_20)","decl":{"start":{"line":117,"column":2},"end":{"line":117,"column":3}},"loc":{"start":{"line":117,"column":11},"end":{"line":130,"column":3}},"line":117},"21":{"name":"(anonymous_21)","decl":{"start":{"line":119,"column":70},"end":{"line":119,"column":71}},"loc":{"start":{"line":119,"column":78},"end":{"line":119,"column":110}},"line":119},"22":{"name":"(anonymous_22)","decl":{"start":{"line":123,"column":36},"end":{"line":123,"column":37}},"loc":{"start":{"line":123,"column":48},"end":{"line":127,"column":7}},"line":123}},"branchMap":{"0":{"loc":{"start":{"line":34,"column":14},"end":{"line":34,"column":23}},"type":"default-arg","locations":[{"start":{"line":34,"column":21},"end":{"line":34,"column":23}}],"line":34},"1":{"loc":{"start":{"line":39,"column":10},"end":{"line":41,"column":11}},"type":"if","locations":[{"start":{"line":39,"column":10},"end":{"line":41,"column":11}},{"start":{"line":39,"column":10},"end":{"line":41,"column":11}}],"line":39}},"s":{"0":3,"1":3,"2":3,"3":3,"4":3,"5":3,"6":3,"7":3,"8":3,"9":3,"10":3,"11":3,"12":3,"13":3,"14":3,"15":3,"16":3,"17":3,"18":3,"19":3,"20":10,"21":10,"22":10,"23":90,"24":40,"25":14,"26":4,"27":20,"28":9,"29":14,"30":4,"31":14,"32":5,"33":14,"34":4,"35":14,"36":4,"37":14,"38":4,"39":14,"40":6,"41":14,"42":5,"43":5,"44":5,"45":55,"46":5,"47":5,"48":45,"49":45,"50":5,"51":3},"f":{"0":10,"1":90,"2":14,"3":4,"4":20,"5":9,"6":14,"7":4,"8":14,"9":5,"10":14,"11":4,"12":14,"13":4,"14":14,"15":4,"16":14,"17":6,"18":14,"19":5,"20":5,"21":55,"22":45},"b":{"0":[4],"1":[40,50]},"_coverageSchema":"43e27e138ebf9cfc5966b082cf9a028302ed4184","hash":"712927e2c390c4570ba993ebe97c3e93efad6193"}
}
