{"/Users/glickel/Projects/Flash/filer-client-js/lib/configure.js": {"path":"/Users/glickel/Projects/Flash/filer-client-js/lib/configure.js","statementMap":{"0":{"start":{"line":1,"column":17},"end":{"line":1,"column":22}},"1":{"start":{"line":2,"column":14},"end":{"line":2,"column":16}},"2":{"start":{"line":4,"column":0},"end":{"line":8,"column":2}},"3":{"start":{"line":5,"column":4},"end":{"line":7,"column":5}},"4":{"start":{"line":6,"column":8},"end":{"line":6,"column":72}},"5":{"start":{"line":10,"column":0},"end":{"line":10,"column":26}},"6":{"start":{"line":12,"column":0},"end":{"line":18,"column":2}},"7":{"start":{"line":13,"column":4},"end":{"line":13,"column":43}},"8":{"start":{"line":15,"column":4},"end":{"line":17,"column":5}},"9":{"start":{"line":16,"column":8},"end":{"line":16,"column":26}}},"fnMap":{"0":{"name":"(anonymous_0)","decl":{"start":{"line":4,"column":28},"end":{"line":4,"column":29}},"loc":{"start":{"line":4,"column":34},"end":{"line":8,"column":1}},"line":4},"1":{"name":"(anonymous_1)","decl":{"start":{"line":12,"column":20},"end":{"line":12,"column":21}},"loc":{"start":{"line":12,"column":40},"end":{"line":18,"column":1}},"line":12}},"branchMap":{"0":{"loc":{"start":{"line":5,"column":4},"end":{"line":7,"column":5}},"type":"if","locations":[{"start":{"line":5,"column":4},"end":{"line":7,"column":5}},{"start":{"line":5,"column":4},"end":{"line":7,"column":5}}],"line":5},"1":{"loc":{"start":{"line":15,"column":4},"end":{"line":17,"column":5}},"type":"if","locations":[{"start":{"line":15,"column":4},"end":{"line":17,"column":5}},{"start":{"line":15,"column":4},"end":{"line":17,"column":5}}],"line":15}},"s":{"0":4,"1":4,"2":4,"3":16,"4":5,"5":4,"6":4,"7":12,"8":12,"9":11},"f":{"0":16,"1":12},"b":{"0":[5,11],"1":[11,1]},"_coverageSchema":"43e27e138ebf9cfc5966b082cf9a028302ed4184","hash":"f5ffe8d1471e9674cde96c9ea7e189b83cd0f843"}
,"/Users/glickel/Projects/Flash/filer-client-js/lib/createUuid.js": {"path":"/Users/glickel/Projects/Flash/filer-client-js/lib/createUuid.js","statementMap":{"0":{"start":{"line":1,"column":39},"end":{"line":1,"column":61}},"1":{"start":{"line":3,"column":0},"end":{"line":19,"column":3}},"2":{"start":{"line":3,"column":31},"end":{"line":19,"column":2}},"3":{"start":{"line":4,"column":4},"end":{"line":4,"column":24}},"4":{"start":{"line":6,"column":4},"end":{"line":18,"column":39}},"5":{"start":{"line":13,"column":8},"end":{"line":15,"column":9}},"6":{"start":{"line":14,"column":12},"end":{"line":14,"column":36}},"7":{"start":{"line":17,"column":8},"end":{"line":17,"column":54}},"8":{"start":{"line":17,"column":39},"end":{"line":17,"column":52}},"9":{"start":{"line":18,"column":24},"end":{"line":18,"column":37}}},"fnMap":{"0":{"name":"(anonymous_0)","decl":{"start":{"line":3,"column":17},"end":{"line":3,"column":18}},"loc":{"start":{"line":3,"column":31},"end":{"line":19,"column":2}},"line":3},"1":{"name":"(anonymous_1)","decl":{"start":{"line":3,"column":43},"end":{"line":3,"column":44}},"loc":{"start":{"line":3,"column":64},"end":{"line":19,"column":1}},"line":3},"2":{"name":"(anonymous_2)","decl":{"start":{"line":12,"column":11},"end":{"line":12,"column":12}},"loc":{"start":{"line":12,"column":25},"end":{"line":18,"column":5}},"line":12},"3":{"name":"(anonymous_3)","decl":{"start":{"line":17,"column":29},"end":{"line":17,"column":30}},"loc":{"start":{"line":17,"column":39},"end":{"line":17,"column":52}},"line":17},"4":{"name":"(anonymous_4)","decl":{"start":{"line":18,"column":13},"end":{"line":18,"column":14}},"loc":{"start":{"line":18,"column":24},"end":{"line":18,"column":37}},"line":18}},"branchMap":{"0":{"loc":{"start":{"line":13,"column":8},"end":{"line":15,"column":9}},"type":"if","locations":[{"start":{"line":13,"column":8},"end":{"line":15,"column":9}},{"start":{"line":13,"column":8},"end":{"line":15,"column":9}}],"line":13}},"s":{"0":1,"1":1,"2":4,"3":4,"4":3,"5":2,"6":1,"7":1,"8":1,"9":1},"f":{"0":4,"1":4,"2":2,"3":1,"4":1},"b":{"0":[1,1]},"_coverageSchema":"43e27e138ebf9cfc5966b082cf9a028302ed4184","hash":"cf6ce6941d2606c7b66f9e8e80a129db16a3dc75"}
,"/Users/glickel/Projects/Flash/filer-client-js/lib/delete.js": {"path":"/Users/glickel/Projects/Flash/filer-client-js/lib/delete.js","statementMap":{"0":{"start":{"line":1,"column":39},"end":{"line":1,"column":61}},"1":{"start":{"line":3,"column":0},"end":{"line":24,"column":3}},"2":{"start":{"line":3,"column":44},"end":{"line":24,"column":2}},"3":{"start":{"line":4,"column":4},"end":{"line":4,"column":24}},"4":{"start":{"line":6,"column":18},"end":{"line":6,"column":29}},"5":{"start":{"line":7,"column":23},"end":{"line":7,"column":25}},"6":{"start":{"line":9,"column":4},"end":{"line":12,"column":5}},"7":{"start":{"line":10,"column":8},"end":{"line":10,"column":45}},"8":{"start":{"line":11,"column":8},"end":{"line":11,"column":42}},"9":{"start":{"line":14,"column":4},"end":{"line":23,"column":39}},"10":{"start":{"line":18,"column":8},"end":{"line":20,"column":9}},"11":{"start":{"line":19,"column":12},"end":{"line":19,"column":36}},"12":{"start":{"line":22,"column":8},"end":{"line":22,"column":52}},"13":{"start":{"line":22,"column":37},"end":{"line":22,"column":50}},"14":{"start":{"line":23,"column":24},"end":{"line":23,"column":37}}},"fnMap":{"0":{"name":"(anonymous_0)","decl":{"start":{"line":3,"column":17},"end":{"line":3,"column":18}},"loc":{"start":{"line":3,"column":44},"end":{"line":24,"column":2}},"line":3},"1":{"name":"(anonymous_1)","decl":{"start":{"line":3,"column":56},"end":{"line":3,"column":57}},"loc":{"start":{"line":3,"column":77},"end":{"line":24,"column":1}},"line":3},"2":{"name":"(anonymous_2)","decl":{"start":{"line":17,"column":11},"end":{"line":17,"column":12}},"loc":{"start":{"line":17,"column":25},"end":{"line":23,"column":5}},"line":17},"3":{"name":"(anonymous_3)","decl":{"start":{"line":22,"column":29},"end":{"line":22,"column":30}},"loc":{"start":{"line":22,"column":37},"end":{"line":22,"column":50}},"line":22},"4":{"name":"(anonymous_4)","decl":{"start":{"line":23,"column":13},"end":{"line":23,"column":14}},"loc":{"start":{"line":23,"column":24},"end":{"line":23,"column":37}},"line":23}},"branchMap":{"0":{"loc":{"start":{"line":3,"column":24},"end":{"line":3,"column":39}},"type":"default-arg","locations":[{"start":{"line":3,"column":35},"end":{"line":3,"column":39}}],"line":3},"1":{"loc":{"start":{"line":9,"column":4},"end":{"line":12,"column":5}},"type":"if","locations":[{"start":{"line":9,"column":4},"end":{"line":12,"column":5}},{"start":{"line":9,"column":4},"end":{"line":12,"column":5}}],"line":9},"2":{"loc":{"start":{"line":18,"column":8},"end":{"line":20,"column":9}},"type":"if","locations":[{"start":{"line":18,"column":8},"end":{"line":20,"column":9}},{"start":{"line":18,"column":8},"end":{"line":20,"column":9}}],"line":18}},"s":{"0":1,"1":1,"2":5,"3":5,"4":4,"5":4,"6":4,"7":1,"8":1,"9":4,"10":3,"11":1,"12":2,"13":2,"14":1},"f":{"0":5,"1":5,"2":3,"3":2,"4":1},"b":{"0":[4],"1":[1,3],"2":[1,2]},"_coverageSchema":"43e27e138ebf9cfc5966b082cf9a028302ed4184","hash":"d5fe4c25381e4fb89c5b66c9cb415043afe1e9b0"}
,"/Users/glickel/Projects/Flash/filer-client-js/lib/getFileBinary.js": {"path":"/Users/glickel/Projects/Flash/filer-client-js/lib/getFileBinary.js","statementMap":{"0":{"start":{"line":1,"column":39},"end":{"line":1,"column":61}},"1":{"start":{"line":2,"column":13},"end":{"line":2,"column":42}},"2":{"start":{"line":4,"column":0},"end":{"line":19,"column":3}},"3":{"start":{"line":4,"column":25},"end":{"line":19,"column":2}},"4":{"start":{"line":5,"column":4},"end":{"line":5,"column":24}},"5":{"start":{"line":7,"column":21},"end":{"line":7,"column":35}},"6":{"start":{"line":9,"column":4},"end":{"line":18,"column":39}},"7":{"start":{"line":10,"column":8},"end":{"line":12,"column":9}},"8":{"start":{"line":11,"column":12},"end":{"line":11,"column":36}},"9":{"start":{"line":14,"column":8},"end":{"line":17,"column":11}},"10":{"start":{"line":15,"column":12},"end":{"line":15,"column":37}},"11":{"start":{"line":16,"column":12},"end":{"line":16,"column":41}},"12":{"start":{"line":18,"column":24},"end":{"line":18,"column":37}}},"fnMap":{"0":{"name":"(anonymous_0)","decl":{"start":{"line":4,"column":17},"end":{"line":4,"column":18}},"loc":{"start":{"line":4,"column":25},"end":{"line":19,"column":2}},"line":4},"1":{"name":"(anonymous_1)","decl":{"start":{"line":4,"column":37},"end":{"line":4,"column":38}},"loc":{"start":{"line":4,"column":58},"end":{"line":19,"column":1}},"line":4},"2":{"name":"(anonymous_2)","decl":{"start":{"line":9,"column":57},"end":{"line":9,"column":58}},"loc":{"start":{"line":9,"column":71},"end":{"line":18,"column":5}},"line":9},"3":{"name":"(anonymous_3)","decl":{"start":{"line":14,"column":29},"end":{"line":14,"column":30}},"loc":{"start":{"line":14,"column":41},"end":{"line":17,"column":9}},"line":14},"4":{"name":"(anonymous_4)","decl":{"start":{"line":18,"column":13},"end":{"line":18,"column":14}},"loc":{"start":{"line":18,"column":24},"end":{"line":18,"column":37}},"line":18}},"branchMap":{"0":{"loc":{"start":{"line":10,"column":8},"end":{"line":12,"column":9}},"type":"if","locations":[{"start":{"line":10,"column":8},"end":{"line":12,"column":9}},{"start":{"line":10,"column":8},"end":{"line":12,"column":9}}],"line":10}},"s":{"0":1,"1":1,"2":1,"3":4,"4":4,"5":3,"6":3,"7":2,"8":1,"9":1,"10":1,"11":1,"12":1},"f":{"0":4,"1":4,"2":2,"3":1,"4":1},"b":{"0":[1,1]},"_coverageSchema":"43e27e138ebf9cfc5966b082cf9a028302ed4184","hash":"12225d6e476b7ab32d5bc0b31a4ca83d9874a44e"}
,"/Users/glickel/Projects/Flash/filer-client-js/src/entity/File.js": {"path":"/Users/glickel/Projects/Flash/filer-client-js/src/entity/File.js","statementMap":{"0":{"start":{"line":1,"column":22},"end":{"line":1,"column":39}},"1":{"start":{"line":4,"column":25},"end":{"line":4,"column":26}},"2":{"start":{"line":5,"column":24},"end":{"line":5,"column":25}},"3":{"start":{"line":6,"column":28},"end":{"line":6,"column":29}},"4":{"start":{"line":7,"column":24},"end":{"line":7,"column":25}},"5":{"start":{"line":8,"column":34},"end":{"line":8,"column":35}},"6":{"start":{"line":9,"column":29},"end":{"line":9,"column":30}},"7":{"start":{"line":10,"column":25},"end":{"line":10,"column":26}},"8":{"start":{"line":11,"column":24},"end":{"line":11,"column":25}},"9":{"start":{"line":12,"column":34},"end":{"line":12,"column":35}},"10":{"start":{"line":13,"column":29},"end":{"line":13,"column":31}},"11":{"start":{"line":14,"column":27},"end":{"line":14,"column":29}},"12":{"start":{"line":15,"column":33},"end":{"line":15,"column":35}},"13":{"start":{"line":16,"column":32},"end":{"line":16,"column":34}},"14":{"start":{"line":17,"column":35},"end":{"line":17,"column":37}},"15":{"start":{"line":18,"column":40},"end":{"line":18,"column":42}},"16":{"start":{"line":19,"column":38},"end":{"line":19,"column":40}},"17":{"start":{"line":21,"column":24},"end":{"line":21,"column":25}},"18":{"start":{"line":22,"column":26},"end":{"line":22,"column":27}},"19":{"start":{"line":23,"column":24},"end":{"line":23,"column":25}},"20":{"start":{"line":24,"column":24},"end":{"line":24,"column":25}},"21":{"start":{"line":37,"column":6},"end":{"line":37,"column":26}},"22":{"start":{"line":38,"column":6},"end":{"line":38,"column":25}},"23":{"start":{"line":40,"column":6},"end":{"line":44,"column":8}},"24":{"start":{"line":41,"column":10},"end":{"line":43,"column":11}},"25":{"start":{"line":42,"column":14},"end":{"line":42,"column":56}},"26":{"start":{"line":48,"column":6},"end":{"line":48,"column":22}},"27":{"start":{"line":52,"column":6},"end":{"line":52,"column":20}},"28":{"start":{"line":56,"column":6},"end":{"line":56,"column":24}},"29":{"start":{"line":60,"column":6},"end":{"line":60,"column":24}},"30":{"start":{"line":64,"column":6},"end":{"line":64,"column":28}},"31":{"start":{"line":68,"column":6},"end":{"line":68,"column":32}},"32":{"start":{"line":72,"column":6},"end":{"line":72,"column":28}},"33":{"start":{"line":76,"column":6},"end":{"line":76,"column":27}},"34":{"start":{"line":80,"column":6},"end":{"line":80,"column":28}},"35":{"start":{"line":84,"column":6},"end":{"line":84,"column":32}},"36":{"start":{"line":88,"column":6},"end":{"line":88,"column":29}},"37":{"start":{"line":92,"column":6},"end":{"line":92,"column":34}},"38":{"start":{"line":96,"column":6},"end":{"line":96,"column":31}},"39":{"start":{"line":100,"column":6},"end":{"line":100,"column":38}},"40":{"start":{"line":104,"column":6},"end":{"line":104,"column":24}},"41":{"start":{"line":108,"column":6},"end":{"line":108,"column":24}},"42":{"start":{"line":112,"column":6},"end":{"line":112,"column":28}},"43":{"start":{"line":116,"column":6},"end":{"line":116,"column":31}},"44":{"start":{"line":120,"column":24},"end":{"line":120,"column":51}},"45":{"start":{"line":121,"column":25},"end":{"line":121,"column":111}},"46":{"start":{"line":121,"column":78},"end":{"line":121,"column":110}},"47":{"start":{"line":123,"column":29},"end":{"line":123,"column":31}},"48":{"start":{"line":125,"column":6},"end":{"line":129,"column":9}},"49":{"start":{"line":126,"column":10},"end":{"line":126,"column":52}},"50":{"start":{"line":128,"column":10},"end":{"line":128,"column":22}},"51":{"start":{"line":131,"column":6},"end":{"line":131,"column":28}},"52":{"start":{"line":135,"column":0},"end":{"line":135,"column":22}}},"fnMap":{"0":{"name":"(anonymous_0)","decl":{"start":{"line":36,"column":2},"end":{"line":36,"column":3}},"loc":{"start":{"line":36,"column":25},"end":{"line":45,"column":3}},"line":36},"1":{"name":"(anonymous_1)","decl":{"start":{"line":40,"column":113},"end":{"line":40,"column":114}},"loc":{"start":{"line":40,"column":132},"end":{"line":44,"column":7}},"line":40},"2":{"name":"(anonymous_2)","decl":{"start":{"line":47,"column":2},"end":{"line":47,"column":3}},"loc":{"start":{"line":47,"column":11},"end":{"line":49,"column":3}},"line":47},"3":{"name":"(anonymous_3)","decl":{"start":{"line":51,"column":2},"end":{"line":51,"column":3}},"loc":{"start":{"line":51,"column":13},"end":{"line":53,"column":3}},"line":51},"4":{"name":"(anonymous_4)","decl":{"start":{"line":55,"column":2},"end":{"line":55,"column":3}},"loc":{"start":{"line":55,"column":13},"end":{"line":57,"column":3}},"line":55},"5":{"name":"(anonymous_5)","decl":{"start":{"line":59,"column":2},"end":{"line":59,"column":3}},"loc":{"start":{"line":59,"column":17},"end":{"line":61,"column":3}},"line":59},"6":{"name":"(anonymous_6)","decl":{"start":{"line":63,"column":2},"end":{"line":63,"column":3}},"loc":{"start":{"line":63,"column":17},"end":{"line":65,"column":3}},"line":63},"7":{"name":"(anonymous_7)","decl":{"start":{"line":67,"column":2},"end":{"line":67,"column":3}},"loc":{"start":{"line":67,"column":25},"end":{"line":69,"column":3}},"line":67},"8":{"name":"(anonymous_8)","decl":{"start":{"line":71,"column":2},"end":{"line":71,"column":3}},"loc":{"start":{"line":71,"column":17},"end":{"line":73,"column":3}},"line":71},"9":{"name":"(anonymous_9)","decl":{"start":{"line":75,"column":2},"end":{"line":75,"column":3}},"loc":{"start":{"line":75,"column":20},"end":{"line":77,"column":3}},"line":75},"10":{"name":"(anonymous_10)","decl":{"start":{"line":79,"column":2},"end":{"line":79,"column":3}},"loc":{"start":{"line":79,"column":17},"end":{"line":81,"column":3}},"line":79},"11":{"name":"(anonymous_11)","decl":{"start":{"line":83,"column":2},"end":{"line":83,"column":3}},"loc":{"start":{"line":83,"column":25},"end":{"line":85,"column":3}},"line":83},"12":{"name":"(anonymous_12)","decl":{"start":{"line":87,"column":2},"end":{"line":87,"column":3}},"loc":{"start":{"line":87,"column":18},"end":{"line":89,"column":3}},"line":87},"13":{"name":"(anonymous_13)","decl":{"start":{"line":91,"column":2},"end":{"line":91,"column":3}},"loc":{"start":{"line":91,"column":27},"end":{"line":93,"column":3}},"line":91},"14":{"name":"(anonymous_14)","decl":{"start":{"line":95,"column":2},"end":{"line":95,"column":3}},"loc":{"start":{"line":95,"column":20},"end":{"line":97,"column":3}},"line":95},"15":{"name":"(anonymous_15)","decl":{"start":{"line":99,"column":2},"end":{"line":99,"column":3}},"loc":{"start":{"line":99,"column":31},"end":{"line":101,"column":3}},"line":99},"16":{"name":"(anonymous_16)","decl":{"start":{"line":103,"column":2},"end":{"line":103,"column":3}},"loc":{"start":{"line":103,"column":13},"end":{"line":105,"column":3}},"line":103},"17":{"name":"(anonymous_17)","decl":{"start":{"line":107,"column":2},"end":{"line":107,"column":3}},"loc":{"start":{"line":107,"column":17},"end":{"line":109,"column":3}},"line":107},"18":{"name":"(anonymous_18)","decl":{"start":{"line":111,"column":2},"end":{"line":111,"column":3}},"loc":{"start":{"line":111,"column":17},"end":{"line":113,"column":3}},"line":111},"19":{"name":"(anonymous_19)","decl":{"start":{"line":115,"column":2},"end":{"line":115,"column":3}},"loc":{"start":{"line":115,"column":24},"end":{"line":117,"column":3}},"line":115},"20":{"name":"(anonymous_20)","decl":{"start":{"line":119,"column":2},"end":{"line":119,"column":3}},"loc":{"start":{"line":119,"column":11},"end":{"line":132,"column":3}},"line":119},"21":{"name":"(anonymous_21)","decl":{"start":{"line":121,"column":70},"end":{"line":121,"column":71}},"loc":{"start":{"line":121,"column":78},"end":{"line":121,"column":110}},"line":121},"22":{"name":"(anonymous_22)","decl":{"start":{"line":125,"column":36},"end":{"line":125,"column":37}},"loc":{"start":{"line":125,"column":48},"end":{"line":129,"column":7}},"line":125}},"branchMap":{"0":{"loc":{"start":{"line":36,"column":14},"end":{"line":36,"column":23}},"type":"default-arg","locations":[{"start":{"line":36,"column":21},"end":{"line":36,"column":23}}],"line":36},"1":{"loc":{"start":{"line":41,"column":10},"end":{"line":43,"column":11}},"type":"if","locations":[{"start":{"line":41,"column":10},"end":{"line":43,"column":11}},{"start":{"line":41,"column":10},"end":{"line":43,"column":11}}],"line":41}},"s":{"0":2,"1":2,"2":2,"3":2,"4":2,"5":2,"6":2,"7":2,"8":2,"9":2,"10":2,"11":2,"12":2,"13":2,"14":2,"15":2,"16":2,"17":2,"18":2,"19":2,"20":2,"21":8,"22":8,"23":8,"24":72,"25":36,"26":8,"27":4,"28":14,"29":7,"30":8,"31":4,"32":8,"33":4,"34":8,"35":4,"36":8,"37":4,"38":8,"39":4,"40":8,"41":6,"42":8,"43":4,"44":2,"45":2,"46":22,"47":2,"48":2,"49":18,"50":18,"51":2,"52":2},"f":{"0":8,"1":72,"2":8,"3":4,"4":14,"5":7,"6":8,"7":4,"8":8,"9":4,"10":8,"11":4,"12":8,"13":4,"14":8,"15":4,"16":8,"17":6,"18":8,"19":4,"20":2,"21":22,"22":18},"b":{"0":[4],"1":[36,36]},"_coverageSchema":"43e27e138ebf9cfc5966b082cf9a028302ed4184","hash":"f29d7d731cb48bc054c9547a3dd05027ba437335"}
}
