TN:
SF:/Users/glickel/Projects/Flash/filer-client-js/lib/configure.js
FN:4,(anonymous_0)
FN:12,(anonymous_1)
FNF:2
FNH:2
FNDA:37,(anonymous_0)
FNDA:29,(anonymous_1)
DA:1,8
DA:2,8
DA:4,8
DA:5,37
DA:6,9
DA:10,8
DA:12,8
DA:13,29
DA:15,29
DA:16,28
LF:10
LH:10
BRDA:5,0,0,9
BRDA:5,0,1,28
BRDA:15,1,0,28
BRDA:15,1,1,1
BRF:4
BRH:4
end_of_record
TN:
SF:/Users/glickel/Projects/Flash/filer-client-js/lib/createUuid.js
FN:3,(anonymous_0)
FN:3,(anonymous_1)
FN:12,(anonymous_2)
FN:17,(anonymous_3)
FN:18,(anonymous_4)
FNF:5
FNH:5
FNDA:4,(anonymous_0)
FNDA:4,(anonymous_1)
FNDA:2,(anonymous_2)
FNDA:1,(anonymous_3)
FNDA:1,(anonymous_4)
DA:1,1
DA:3,4
DA:4,4
DA:6,3
DA:13,2
DA:14,1
DA:17,1
DA:18,1
LF:8
LH:8
BRDA:13,0,0,1
BRDA:13,0,1,1
BRF:2
BRH:2
end_of_record
TN:
SF:/Users/glickel/Projects/Flash/filer-client-js/lib/delete.js
FN:3,(anonymous_0)
FN:3,(anonymous_1)
FN:17,(anonymous_2)
FN:22,(anonymous_3)
FN:23,(anonymous_4)
FNF:5
FNH:5
FNDA:5,(anonymous_0)
FNDA:5,(anonymous_1)
FNDA:3,(anonymous_2)
FNDA:2,(anonymous_3)
FNDA:1,(anonymous_4)
DA:1,1
DA:3,5
DA:4,5
DA:6,4
DA:7,4
DA:9,4
DA:10,1
DA:11,1
DA:14,4
DA:18,3
DA:19,1
DA:22,2
DA:23,1
LF:13
LH:13
BRDA:3,0,0,4
BRDA:9,1,0,1
BRDA:9,1,1,3
BRDA:18,2,0,1
BRDA:18,2,1,2
BRF:5
BRH:5
end_of_record
TN:
SF:/Users/glickel/Projects/Flash/filer-client-js/lib/getFileBinary.js
FN:4,(anonymous_0)
FN:4,(anonymous_1)
FN:9,(anonymous_2)
FN:14,(anonymous_3)
FN:18,(anonymous_4)
FNF:5
FNH:5
FNDA:4,(anonymous_0)
FNDA:4,(anonymous_1)
FNDA:2,(anonymous_2)
FNDA:1,(anonymous_3)
FNDA:1,(anonymous_4)
DA:1,1
DA:2,1
DA:4,4
DA:5,4
DA:7,3
DA:9,3
DA:10,2
DA:11,1
DA:14,1
DA:15,1
DA:16,1
DA:18,1
LF:12
LH:12
BRDA:10,0,0,1
BRDA:10,0,1,1
BRF:2
BRH:2
end_of_record
TN:
SF:/Users/glickel/Projects/Flash/filer-client-js/lib/retrieve.js
FN:4,(anonymous_0)
FN:4,(anonymous_1)
FN:7,(anonymous_2)
FN:12,(anonymous_3)
FN:13,(anonymous_4)
FNF:5
FNH:5
FNDA:4,(anonymous_0)
FNDA:4,(anonymous_1)
FNDA:2,(anonymous_2)
FNDA:1,(anonymous_3)
FNDA:1,(anonymous_4)
DA:1,1
DA:2,1
DA:4,4
DA:5,4
DA:7,3
DA:8,2
DA:9,1
DA:12,1
DA:13,1
LF:9
LH:9
BRDA:8,0,0,1
BRDA:8,0,1,1
BRF:2
BRH:2
end_of_record
TN:
SF:/Users/glickel/Projects/Flash/filer-client-js/lib/search.js
FN:4,(anonymous_0)
FN:4,(anonymous_1)
FN:7,(anonymous_2)
FN:12,(anonymous_3)
FN:13,(anonymous_4)
FN:17,(anonymous_5)
FNF:6
FNH:6
FNDA:5,(anonymous_0)
FNDA:5,(anonymous_1)
FNDA:3,(anonymous_2)
FNDA:2,(anonymous_3)
FNDA:2,(anonymous_4)
FNDA:1,(anonymous_5)
DA:1,1
DA:2,1
DA:4,5
DA:5,5
DA:7,4
DA:8,3
DA:9,1
DA:12,2
DA:13,2
DA:15,2
DA:17,1
LF:11
LH:11
BRDA:4,0,0,1
BRDA:8,1,0,1
BRDA:8,1,1,2
BRF:3
BRH:3
end_of_record
TN:
SF:/Users/glickel/Projects/Flash/filer-client-js/lib/truncate.js
FN:3,(anonymous_0)
FN:3,(anonymous_1)
FN:9,(anonymous_2)
FN:14,(anonymous_3)
FN:17,(anonymous_4)
FNF:5
FNH:5
FNDA:5,(anonymous_0)
FNDA:5,(anonymous_1)
FNDA:3,(anonymous_2)
FNDA:2,(anonymous_3)
FNDA:1,(anonymous_4)
DA:1,1
DA:3,5
DA:4,5
DA:6,4
DA:10,3
DA:11,1
DA:14,2
DA:15,2
DA:17,1
LF:9
LH:9
BRDA:3,0,0,4
BRDA:10,1,0,1
BRDA:10,1,1,2
BRF:3
BRH:3
end_of_record
TN:
SF:/Users/glickel/Projects/Flash/filer-client-js/lib/upload.js
FN:5,(anonymous_0)
FN:5,(anonymous_1)
FN:18,(anonymous_2)
FN:27,(anonymous_3)
FN:32,(anonymous_4)
FN:35,(anonymous_5)
FN:36,(anonymous_6)
FNF:7
FNH:6
FNDA:7,(anonymous_0)
FNDA:7,(anonymous_1)
FNDA:5,(anonymous_2)
FNDA:3,(anonymous_3)
FNDA:2,(anonymous_4)
FNDA:1,(anonymous_5)
FNDA:0,(anonymous_6)
DA:1,1
DA:2,1
DA:3,1
DA:5,7
DA:6,7
DA:8,6
DA:9,1
DA:12,5
DA:14,5
DA:15,2
DA:18,5
DA:19,5
DA:20,1
DA:23,4
DA:28,3
DA:29,1
DA:32,2
DA:33,2
DA:35,1
DA:36,0
LF:20
LH:19
BRDA:5,0,0,4
BRDA:8,1,0,1
BRDA:8,1,1,5
BRDA:8,2,0,6
BRDA:8,2,1,3
BRDA:14,3,0,2
BRDA:14,3,1,3
BRDA:19,4,0,1
BRDA:19,4,1,4
BRDA:28,5,0,1
BRDA:28,5,1,2
BRF:11
BRH:11
end_of_record
TN:
SF:/Users/glickel/Projects/Flash/filer-client-js/src/entity/File.js
FN:34,(anonymous_0)
FN:38,(anonymous_1)
FN:45,(anonymous_2)
FN:49,(anonymous_3)
FN:53,(anonymous_4)
FN:57,(anonymous_5)
FN:61,(anonymous_6)
FN:65,(anonymous_7)
FN:69,(anonymous_8)
FN:73,(anonymous_9)
FN:77,(anonymous_10)
FN:81,(anonymous_11)
FN:85,(anonymous_12)
FN:89,(anonymous_13)
FN:93,(anonymous_14)
FN:97,(anonymous_15)
FN:101,(anonymous_16)
FN:105,(anonymous_17)
FN:109,(anonymous_18)
FN:113,(anonymous_19)
FN:117,(anonymous_20)
FN:119,(anonymous_21)
FN:123,(anonymous_22)
FNF:23
FNH:23
FNDA:21,(anonymous_0)
FNDA:189,(anonymous_1)
FNDA:42,(anonymous_2)
FNDA:4,(anonymous_3)
FNDA:56,(anonymous_4)
FNDA:16,(anonymous_5)
FNDA:47,(anonymous_6)
FNDA:8,(anonymous_7)
FNDA:47,(anonymous_8)
FNDA:7,(anonymous_9)
FNDA:47,(anonymous_10)
FNDA:8,(anonymous_11)
FNDA:47,(anonymous_12)
FNDA:8,(anonymous_13)
FNDA:47,(anonymous_14)
FNDA:8,(anonymous_15)
FNDA:47,(anonymous_16)
FNDA:10,(anonymous_17)
FNDA:42,(anonymous_18)
FNDA:7,(anonymous_19)
FNDA:19,(anonymous_20)
FNDA:209,(anonymous_21)
FNDA:171,(anonymous_22)
DA:2,5
DA:3,5
DA:4,5
DA:5,5
DA:6,5
DA:7,5
DA:8,5
DA:9,5
DA:10,5
DA:11,5
DA:12,5
DA:13,5
DA:14,5
DA:15,5
DA:16,5
DA:17,5
DA:19,5
DA:20,5
DA:21,5
DA:22,5
DA:35,21
DA:36,21
DA:38,21
DA:39,189
DA:40,71
DA:46,42
DA:50,4
DA:54,56
DA:58,16
DA:62,47
DA:66,8
DA:70,47
DA:74,7
DA:78,47
DA:82,8
DA:86,47
DA:90,8
DA:94,47
DA:98,8
DA:102,47
DA:106,10
DA:110,42
DA:114,7
DA:118,19
DA:119,209
DA:121,19
DA:123,19
DA:124,171
DA:126,171
DA:129,19
DA:133,5
LF:51
LH:51
BRDA:34,0,0,5
BRDA:39,1,0,71
BRDA:39,1,1,118
BRF:3
BRH:3
end_of_record
TN:
SF:/Users/glickel/Projects/Flash/filer-client-js/src/validator/FileValidator.js
FN:5,(anonymous_0)
FN:25,(anonymous_1)
FN:35,(anonymous_2)
FN:51,(anonymous_3)
FN:61,(anonymous_4)
FN:77,(anonymous_5)
FN:94,(anonymous_6)
FN:104,(anonymous_7)
FN:105,(anonymous_8)
FNF:9
FNH:9
FNDA:5,(anonymous_0)
FNDA:5,(anonymous_1)
FNDA:5,(anonymous_2)
FNDA:5,(anonymous_3)
FNDA:5,(anonymous_4)
FNDA:5,(anonymous_5)
FNDA:5,(anonymous_6)
FNDA:5,(anonymous_7)
FNDA:5,(anonymous_8)
DA:1,1
DA:3,1
DA:5,1
DA:6,5
DA:7,4
DA:10,1
DA:11,0
DA:13,0
DA:16,1
DA:17,0
DA:19,0
DA:22,1
DA:25,1
DA:26,5
DA:27,1
DA:29,1
DA:32,4
DA:35,1
DA:36,5
DA:37,0
DA:39,0
DA:42,5
DA:43,0
DA:45,0
DA:48,5
DA:51,1
DA:52,5
DA:53,1
DA:55,1
DA:58,4
DA:61,1
DA:62,5
DA:63,1
DA:65,1
DA:68,4
DA:69,0
DA:71,0
DA:74,4
DA:77,1
DA:78,5
DA:79,1
DA:81,1
DA:84,4
DA:85,0
DA:88,0
DA:91,4
DA:94,1
DA:95,5
DA:96,1
DA:98,1
DA:101,4
DA:104,1
DA:105,5
DA:106,5
DA:108,5
DA:109,5
DA:110,5
DA:111,5
DA:112,5
DA:113,5
DA:114,5
DA:116,5
DA:122,1
LF:63
LH:51
BRDA:6,0,0,4
BRDA:6,0,1,1
BRDA:10,1,0,0
BRDA:10,1,1,1
BRDA:16,2,0,0
BRDA:16,2,1,1
BRDA:26,3,0,1
BRDA:26,3,1,4
BRDA:36,4,0,0
BRDA:36,4,1,5
BRDA:42,5,0,0
BRDA:42,5,1,5
BRDA:52,6,0,1
BRDA:52,6,1,4
BRDA:62,7,0,1
BRDA:62,7,1,4
BRDA:68,8,0,0
BRDA:68,8,1,4
BRDA:78,9,0,1
BRDA:78,9,1,4
BRDA:84,10,0,0
BRDA:84,10,1,4
BRDA:95,11,0,1
BRDA:95,11,1,4
BRDA:108,12,0,5
BRDA:108,12,1,4
BRDA:109,13,0,5
BRDA:109,13,1,0
BRDA:110,14,0,5
BRDA:110,14,1,1
BRDA:111,15,0,5
BRDA:111,15,1,1
BRDA:112,16,0,5
BRDA:112,16,1,1
BRDA:113,17,0,5
BRDA:113,17,1,1
BRDA:114,18,0,5
BRDA:114,18,1,1
BRF:38
BRH:31
end_of_record
