TN:
SF:/Users/glickel/Projects/Flash/filer-client-js/lib/configure.js
FN:4,(anonymous_0)
FN:12,(anonymous_1)
FNF:2
FNH:2
FNDA:20,(anonymous_0)
FNDA:15,(anonymous_1)
DA:1,5
DA:2,5
DA:4,5
DA:5,20
DA:6,6
DA:10,5
DA:12,5
DA:13,15
DA:15,15
DA:16,14
LF:10
LH:10
BRDA:5,0,0,6
BRDA:5,0,1,14
BRDA:15,1,0,14
BRDA:15,1,1,1
BRF:4
BRH:4
end_of_record
TN:
SF:/Users/glickel/Projects/Flash/filer-client-js/lib/createUuid.js
FN:3,(anonymous_0)
FN:3,(anonymous_1)
FN:12,(anonymous_2)
FN:17,(anonymous_3)
FN:18,(anonymous_4)
FNF:5
FNH:5
FNDA:4,(anonymous_0)
FNDA:4,(anonymous_1)
FNDA:2,(anonymous_2)
FNDA:1,(anonymous_3)
FNDA:1,(anonymous_4)
DA:1,1
DA:3,4
DA:4,4
DA:6,3
DA:13,2
DA:14,1
DA:17,1
DA:18,1
LF:8
LH:8
BRDA:13,0,0,1
BRDA:13,0,1,1
BRF:2
BRH:2
end_of_record
TN:
SF:/Users/glickel/Projects/Flash/filer-client-js/lib/delete.js
FN:3,(anonymous_0)
FN:3,(anonymous_1)
FN:17,(anonymous_2)
FN:22,(anonymous_3)
FN:23,(anonymous_4)
FNF:5
FNH:5
FNDA:5,(anonymous_0)
FNDA:5,(anonymous_1)
FNDA:3,(anonymous_2)
FNDA:2,(anonymous_3)
FNDA:1,(anonymous_4)
DA:1,1
DA:3,5
DA:4,5
DA:6,4
DA:7,4
DA:9,4
DA:10,1
DA:11,1
DA:14,4
DA:18,3
DA:19,1
DA:22,2
DA:23,1
LF:13
LH:13
BRDA:3,0,0,4
BRDA:9,1,0,1
BRDA:9,1,1,3
BRDA:18,2,0,1
BRDA:18,2,1,2
BRF:5
BRH:5
end_of_record
TN:
SF:/Users/glickel/Projects/Flash/filer-client-js/lib/getFileBinary.js
FN:4,(anonymous_0)
FN:4,(anonymous_1)
FN:9,(anonymous_2)
FN:14,(anonymous_3)
FN:18,(anonymous_4)
FNF:5
FNH:5
FNDA:4,(anonymous_0)
FNDA:4,(anonymous_1)
FNDA:2,(anonymous_2)
FNDA:1,(anonymous_3)
FNDA:1,(anonymous_4)
DA:1,1
DA:2,1
DA:4,4
DA:5,4
DA:7,3
DA:9,3
DA:10,2
DA:11,1
DA:14,1
DA:15,1
DA:16,1
DA:18,1
LF:12
LH:12
BRDA:10,0,0,1
BRDA:10,0,1,1
BRF:2
BRH:2
end_of_record
TN:
SF:/Users/glickel/Projects/Flash/filer-client-js/lib/retrieve.js
FN:4,(anonymous_0)
FN:4,(anonymous_1)
FN:7,(anonymous_2)
FN:12,(anonymous_3)
FN:13,(anonymous_4)
FNF:5
FNH:5
FNDA:4,(anonymous_0)
FNDA:4,(anonymous_1)
FNDA:2,(anonymous_2)
FNDA:1,(anonymous_3)
FNDA:1,(anonymous_4)
DA:1,1
DA:2,1
DA:4,4
DA:5,4
DA:7,3
DA:8,2
DA:9,1
DA:12,1
DA:13,1
LF:9
LH:9
BRDA:8,0,0,1
BRDA:8,0,1,1
BRF:2
BRH:2
end_of_record
TN:
SF:/Users/glickel/Projects/Flash/filer-client-js/src/entity/File.js
FN:34,(anonymous_0)
FN:38,(anonymous_1)
FN:45,(anonymous_2)
FN:49,(anonymous_3)
FN:53,(anonymous_4)
FN:57,(anonymous_5)
FN:61,(anonymous_6)
FN:65,(anonymous_7)
FN:69,(anonymous_8)
FN:73,(anonymous_9)
FN:77,(anonymous_10)
FN:81,(anonymous_11)
FN:85,(anonymous_12)
FN:89,(anonymous_13)
FN:93,(anonymous_14)
FN:97,(anonymous_15)
FN:101,(anonymous_16)
FN:105,(anonymous_17)
FN:109,(anonymous_18)
FN:113,(anonymous_19)
FN:117,(anonymous_20)
FN:119,(anonymous_21)
FN:123,(anonymous_22)
FNF:23
FNH:23
FNDA:10,(anonymous_0)
FNDA:90,(anonymous_1)
FNDA:14,(anonymous_2)
FNDA:4,(anonymous_3)
FNDA:20,(anonymous_4)
FNDA:9,(anonymous_5)
FNDA:14,(anonymous_6)
FNDA:4,(anonymous_7)
FNDA:14,(anonymous_8)
FNDA:5,(anonymous_9)
FNDA:14,(anonymous_10)
FNDA:4,(anonymous_11)
FNDA:14,(anonymous_12)
FNDA:4,(anonymous_13)
FNDA:14,(anonymous_14)
FNDA:4,(anonymous_15)
FNDA:14,(anonymous_16)
FNDA:6,(anonymous_17)
FNDA:14,(anonymous_18)
FNDA:5,(anonymous_19)
FNDA:5,(anonymous_20)
FNDA:55,(anonymous_21)
FNDA:45,(anonymous_22)
DA:2,3
DA:3,3
DA:4,3
DA:5,3
DA:6,3
DA:7,3
DA:8,3
DA:9,3
DA:10,3
DA:11,3
DA:12,3
DA:13,3
DA:14,3
DA:15,3
DA:16,3
DA:17,3
DA:19,3
DA:20,3
DA:21,3
DA:22,3
DA:35,10
DA:36,10
DA:38,10
DA:39,90
DA:40,40
DA:46,14
DA:50,4
DA:54,20
DA:58,9
DA:62,14
DA:66,4
DA:70,14
DA:74,5
DA:78,14
DA:82,4
DA:86,14
DA:90,4
DA:94,14
DA:98,4
DA:102,14
DA:106,6
DA:110,14
DA:114,5
DA:118,5
DA:119,55
DA:121,5
DA:123,5
DA:124,45
DA:126,45
DA:129,5
DA:133,3
LF:51
LH:51
BRDA:34,0,0,4
BRDA:39,1,0,40
BRDA:39,1,1,50
BRF:3
BRH:3
end_of_record
